[2023-06-23T21:34:55.427+0000] {taskinstance.py:1103} INFO - Dependencies all met for dep_context=non-requeueable deps ti=<TaskInstance: running-buses-clean-files-dag.clean-gcp-files manual__2023-06-23T21:29:14.558361+00:00 [queued]>
[2023-06-23T21:34:55.433+0000] {taskinstance.py:1103} INFO - Dependencies all met for dep_context=requeueable deps ti=<TaskInstance: running-buses-clean-files-dag.clean-gcp-files manual__2023-06-23T21:29:14.558361+00:00 [queued]>
[2023-06-23T21:34:55.434+0000] {taskinstance.py:1308} INFO - Starting attempt 4 of 4
[2023-06-23T21:34:55.442+0000] {taskinstance.py:1327} INFO - Executing <Task(_PythonVirtualenvDecoratedOperator): clean-gcp-files> on 2023-06-23 21:29:14.558361+00:00
[2023-06-23T21:34:55.447+0000] {standard_task_runner.py:57} INFO - Started process 472 to run task
[2023-06-23T21:34:55.451+0000] {standard_task_runner.py:84} INFO - Running: ['***', 'tasks', 'run', 'running-buses-clean-files-dag', 'clean-gcp-files', 'manual__2023-06-23T21:29:14.558361+00:00', '--job-id', '522', '--raw', '--subdir', 'DAGS_FOLDER/running_buses_clean_files.py', '--cfg-path', '/tmp/tmptqc5unwy']
[2023-06-23T21:34:55.454+0000] {standard_task_runner.py:85} INFO - Job 522: Subtask clean-gcp-files
[2023-06-23T21:34:55.497+0000] {task_command.py:410} INFO - Running <TaskInstance: running-buses-clean-files-dag.clean-gcp-files manual__2023-06-23T21:29:14.558361+00:00 [running]> on host 6bba1fead03c
[2023-06-23T21:34:55.553+0000] {taskinstance.py:1545} INFO - Exporting env vars: AIRFLOW_CTX_DAG_OWNER='***' AIRFLOW_CTX_DAG_ID='running-buses-clean-files-dag' AIRFLOW_CTX_TASK_ID='clean-gcp-files' AIRFLOW_CTX_EXECUTION_DATE='2023-06-23T21:29:14.558361+00:00' AIRFLOW_CTX_TRY_NUMBER='4' AIRFLOW_CTX_DAG_RUN_ID='manual__2023-06-23T21:29:14.558361+00:00'
[2023-06-23T21:34:55.556+0000] {process_utils.py:181} INFO - Executing cmd: /usr/local/bin/python -m virtualenv /tmp/venvkebp4phr
[2023-06-23T21:34:55.557+0000] {process_utils.py:185} INFO - Output:
[2023-06-23T21:34:56.051+0000] {process_utils.py:189} INFO - created virtual environment CPython3.11.4.final.0-64 in 212ms
[2023-06-23T21:34:56.052+0000] {process_utils.py:189} INFO -   creator CPython3Posix(dest=/tmp/venvkebp4phr, clear=False, no_vcs_ignore=False, global=False)
[2023-06-23T21:34:56.053+0000] {process_utils.py:189} INFO -   seeder FromAppData(download=False, pip=bundle, setuptools=bundle, wheel=bundle, via=copy, app_data_dir=/home/***/.local/share/virtualenv)
[2023-06-23T21:34:56.054+0000] {process_utils.py:189} INFO -     added seed packages: pip==23.1.2, setuptools==67.7.2, wheel==0.40.0
[2023-06-23T21:34:56.055+0000] {process_utils.py:189} INFO -   activators BashActivator,CShellActivator,FishActivator,NushellActivator,PowerShellActivator,PythonActivator
[2023-06-23T21:34:56.073+0000] {process_utils.py:181} INFO - Executing cmd: /tmp/venvkebp4phr/bin/pip install -r /tmp/venvkebp4phr/requirements.txt
[2023-06-23T21:34:56.075+0000] {process_utils.py:185} INFO - Output:
[2023-06-23T21:34:57.077+0000] {process_utils.py:189} INFO - Collecting google-cloud-storage (from -r /tmp/venvkebp4phr/requirements.txt (line 1))
[2023-06-23T21:34:57.079+0000] {process_utils.py:189} INFO -   Using cached google_cloud_storage-2.9.0-py2.py3-none-any.whl (113 kB)
[2023-06-23T21:34:57.156+0000] {process_utils.py:189} INFO - Collecting google-auth<3.0dev,>=1.25.0 (from google-cloud-storage->-r /tmp/venvkebp4phr/requirements.txt (line 1))
[2023-06-23T21:34:57.158+0000] {process_utils.py:189} INFO -   Using cached google_auth-2.20.0-py2.py3-none-any.whl (181 kB)
[2023-06-23T21:34:57.241+0000] {process_utils.py:189} INFO - Collecting google-api-core!=2.0.*,!=2.1.*,!=2.2.*,!=2.3.0,<3.0.0dev,>=1.31.5 (from google-cloud-storage->-r /tmp/venvkebp4phr/requirements.txt (line 1))
[2023-06-23T21:34:57.245+0000] {process_utils.py:189} INFO -   Using cached google_api_core-2.11.1-py3-none-any.whl (120 kB)
[2023-06-23T21:34:57.298+0000] {process_utils.py:189} INFO - Collecting google-cloud-core<3.0dev,>=2.3.0 (from google-cloud-storage->-r /tmp/venvkebp4phr/requirements.txt (line 1))
[2023-06-23T21:34:57.299+0000] {process_utils.py:189} INFO -   Using cached google_cloud_core-2.3.2-py2.py3-none-any.whl (29 kB)
[2023-06-23T21:34:57.348+0000] {process_utils.py:189} INFO - Collecting google-resumable-media>=2.3.2 (from google-cloud-storage->-r /tmp/venvkebp4phr/requirements.txt (line 1))
[2023-06-23T21:34:57.352+0000] {process_utils.py:189} INFO -   Using cached google_resumable_media-2.5.0-py2.py3-none-any.whl (77 kB)
[2023-06-23T21:34:57.397+0000] {process_utils.py:189} INFO - Collecting requests<3.0.0dev,>=2.18.0 (from google-cloud-storage->-r /tmp/venvkebp4phr/requirements.txt (line 1))
[2023-06-23T21:34:57.401+0000] {process_utils.py:189} INFO -   Using cached requests-2.31.0-py3-none-any.whl (62 kB)
[2023-06-23T21:34:57.447+0000] {process_utils.py:189} INFO - Collecting googleapis-common-protos<2.0.dev0,>=1.56.2 (from google-api-core!=2.0.*,!=2.1.*,!=2.2.*,!=2.3.0,<3.0.0dev,>=1.31.5->google-cloud-storage->-r /tmp/venvkebp4phr/requirements.txt (line 1))
[2023-06-23T21:34:57.452+0000] {process_utils.py:189} INFO -   Using cached googleapis_common_protos-1.59.1-py2.py3-none-any.whl (224 kB)
[2023-06-23T21:34:57.614+0000] {process_utils.py:189} INFO - Collecting protobuf!=3.20.0,!=3.20.1,!=4.21.0,!=4.21.1,!=4.21.2,!=4.21.3,!=4.21.4,!=4.21.5,<5.0.0.dev0,>=3.19.5 (from google-api-core!=2.0.*,!=2.1.*,!=2.2.*,!=2.3.0,<3.0.0dev,>=1.31.5->google-cloud-storage->-r /tmp/venvkebp4phr/requirements.txt (line 1))
[2023-06-23T21:34:57.617+0000] {process_utils.py:189} INFO -   Using cached protobuf-4.23.3-cp37-abi3-manylinux2014_aarch64.whl (303 kB)
[2023-06-23T21:34:57.660+0000] {process_utils.py:189} INFO - Collecting cachetools<6.0,>=2.0.0 (from google-auth<3.0dev,>=1.25.0->google-cloud-storage->-r /tmp/venvkebp4phr/requirements.txt (line 1))
[2023-06-23T21:34:57.661+0000] {process_utils.py:189} INFO -   Using cached cachetools-5.3.1-py3-none-any.whl (9.3 kB)
[2023-06-23T21:34:57.693+0000] {process_utils.py:189} INFO - Collecting pyasn1-modules>=0.2.1 (from google-auth<3.0dev,>=1.25.0->google-cloud-storage->-r /tmp/venvkebp4phr/requirements.txt (line 1))
[2023-06-23T21:34:57.694+0000] {process_utils.py:189} INFO -   Using cached pyasn1_modules-0.3.0-py2.py3-none-any.whl (181 kB)
[2023-06-23T21:34:57.726+0000] {process_utils.py:189} INFO - Collecting rsa<5,>=3.1.4 (from google-auth<3.0dev,>=1.25.0->google-cloud-storage->-r /tmp/venvkebp4phr/requirements.txt (line 1))
[2023-06-23T21:34:57.727+0000] {process_utils.py:189} INFO -   Using cached rsa-4.9-py3-none-any.whl (34 kB)
[2023-06-23T21:34:57.762+0000] {process_utils.py:189} INFO - Collecting six>=1.9.0 (from google-auth<3.0dev,>=1.25.0->google-cloud-storage->-r /tmp/venvkebp4phr/requirements.txt (line 1))
[2023-06-23T21:34:57.763+0000] {process_utils.py:189} INFO -   Using cached six-1.16.0-py2.py3-none-any.whl (11 kB)
[2023-06-23T21:34:57.794+0000] {process_utils.py:189} INFO - Collecting urllib3<2.0 (from google-auth<3.0dev,>=1.25.0->google-cloud-storage->-r /tmp/venvkebp4phr/requirements.txt (line 1))
[2023-06-23T21:34:57.797+0000] {process_utils.py:189} INFO -   Using cached urllib3-1.26.16-py2.py3-none-any.whl (143 kB)
[2023-06-23T21:34:57.875+0000] {process_utils.py:189} INFO - Collecting google-crc32c<2.0dev,>=1.0 (from google-resumable-media>=2.3.2->google-cloud-storage->-r /tmp/venvkebp4phr/requirements.txt (line 1))
[2023-06-23T21:34:57.877+0000] {process_utils.py:189} INFO -   Using cached google_crc32c-1.5.0-cp311-cp311-manylinux_2_17_aarch64.manylinux2014_aarch64.whl (32 kB)
[2023-06-23T21:34:57.937+0000] {process_utils.py:189} INFO - Collecting charset-normalizer<4,>=2 (from requests<3.0.0dev,>=2.18.0->google-cloud-storage->-r /tmp/venvkebp4phr/requirements.txt (line 1))
[2023-06-23T21:34:57.938+0000] {process_utils.py:189} INFO -   Using cached charset_normalizer-3.1.0-cp311-cp311-manylinux_2_17_aarch64.manylinux2014_aarch64.whl (193 kB)
[2023-06-23T21:34:57.964+0000] {process_utils.py:189} INFO - Collecting idna<4,>=2.5 (from requests<3.0.0dev,>=2.18.0->google-cloud-storage->-r /tmp/venvkebp4phr/requirements.txt (line 1))
[2023-06-23T21:34:57.966+0000] {process_utils.py:189} INFO -   Using cached idna-3.4-py3-none-any.whl (61 kB)
[2023-06-23T21:34:58.007+0000] {process_utils.py:189} INFO - Collecting certifi>=2017.4.17 (from requests<3.0.0dev,>=2.18.0->google-cloud-storage->-r /tmp/venvkebp4phr/requirements.txt (line 1))
[2023-06-23T21:34:58.009+0000] {process_utils.py:189} INFO -   Using cached certifi-2023.5.7-py3-none-any.whl (156 kB)
[2023-06-23T21:34:58.059+0000] {process_utils.py:189} INFO - Collecting pyasn1<0.6.0,>=0.4.6 (from pyasn1-modules>=0.2.1->google-auth<3.0dev,>=1.25.0->google-cloud-storage->-r /tmp/venvkebp4phr/requirements.txt (line 1))
[2023-06-23T21:34:58.060+0000] {process_utils.py:189} INFO -   Using cached pyasn1-0.5.0-py2.py3-none-any.whl (83 kB)
[2023-06-23T21:34:58.174+0000] {process_utils.py:189} INFO - Installing collected packages: urllib3, six, pyasn1, protobuf, idna, google-crc32c, charset-normalizer, certifi, cachetools, rsa, requests, pyasn1-modules, googleapis-common-protos, google-resumable-media, google-auth, google-api-core, google-cloud-core, google-cloud-storage
[2023-06-23T21:34:58.759+0000] {process_utils.py:189} INFO - Successfully installed cachetools-5.3.1 certifi-2023.5.7 charset-normalizer-3.1.0 google-api-core-2.11.1 google-auth-2.20.0 google-cloud-core-2.3.2 google-cloud-storage-2.9.0 google-crc32c-1.5.0 google-resumable-media-2.5.0 googleapis-common-protos-1.59.1 idna-3.4 protobuf-4.23.3 pyasn1-0.5.0 pyasn1-modules-0.3.0 requests-2.31.0 rsa-4.9 six-1.16.0 urllib3-1.26.16
[2023-06-23T21:34:58.967+0000] {process_utils.py:181} INFO - Executing cmd: /tmp/venvkebp4phr/bin/python /tmp/venvkebp4phr/script.py /tmp/venvkebp4phr/script.in /tmp/venvkebp4phr/script.out /tmp/venvkebp4phr/string_args.txt
[2023-06-23T21:34:58.969+0000] {process_utils.py:185} INFO - Output:
[2023-06-23T21:34:59.437+0000] {process_utils.py:189} INFO - Traceback (most recent call last):
[2023-06-23T21:34:59.439+0000] {process_utils.py:189} INFO -   File "/tmp/venvkebp4phr/script.py", line 45, in <module>
[2023-06-23T21:34:59.439+0000] {process_utils.py:189} INFO -     res = clean_files(*arg_dict["args"], **arg_dict["kwargs"])
[2023-06-23T21:34:59.440+0000] {process_utils.py:189} INFO -           ^^^^^^^^^^^^^^^^^^^^^^^^^^^^^^^^^^^^^^^^^^^^^^^^^^^^
[2023-06-23T21:34:59.441+0000] {process_utils.py:189} INFO -   File "/tmp/venvkebp4phr/script.py", line 27, in clean_files
[2023-06-23T21:34:59.442+0000] {process_utils.py:189} INFO -     conn = BaseHook.get_connection('google_cloud_default')
[2023-06-23T21:34:59.442+0000] {process_utils.py:189} INFO -            ^^^^^^^^
[2023-06-23T21:34:59.443+0000] {process_utils.py:189} INFO - NameError: name 'BaseHook' is not defined
[2023-06-23T21:34:59.526+0000] {taskinstance.py:1824} ERROR - Task failed with exception
Traceback (most recent call last):
  File "/home/airflow/.local/lib/python3.11/site-packages/airflow/decorators/base.py", line 220, in execute
    return_value = super().execute(context)
                   ^^^^^^^^^^^^^^^^^^^^^^^^
  File "/home/airflow/.local/lib/python3.11/site-packages/airflow/operators/python.py", line 374, in execute
    return super().execute(context=serializable_context)
           ^^^^^^^^^^^^^^^^^^^^^^^^^^^^^^^^^^^^^^^^^^^^^
  File "/home/airflow/.local/lib/python3.11/site-packages/airflow/operators/python.py", line 181, in execute
    return_value = self.execute_callable()
                   ^^^^^^^^^^^^^^^^^^^^^^^
  File "/home/airflow/.local/lib/python3.11/site-packages/airflow/operators/python.py", line 578, in execute_callable
    result = self._execute_python_callable_in_subprocess(python_path, tmp_path)
             ^^^^^^^^^^^^^^^^^^^^^^^^^^^^^^^^^^^^^^^^^^^^^^^^^^^^^^^^^^^^^^^^^^
  File "/home/airflow/.local/lib/python3.11/site-packages/airflow/operators/python.py", line 428, in _execute_python_callable_in_subprocess
    execute_in_subprocess(
  File "/home/airflow/.local/lib/python3.11/site-packages/airflow/utils/process_utils.py", line 170, in execute_in_subprocess
    execute_in_subprocess_with_kwargs(cmd, cwd=cwd)
  File "/home/airflow/.local/lib/python3.11/site-packages/airflow/utils/process_utils.py", line 193, in execute_in_subprocess_with_kwargs
    raise subprocess.CalledProcessError(exit_code, cmd)
subprocess.CalledProcessError: Command '['/tmp/venvkebp4phr/bin/python', '/tmp/venvkebp4phr/script.py', '/tmp/venvkebp4phr/script.in', '/tmp/venvkebp4phr/script.out', '/tmp/venvkebp4phr/string_args.txt']' returned non-zero exit status 1.
[2023-06-23T21:34:59.539+0000] {taskinstance.py:1345} INFO - Marking task as FAILED. dag_id=running-buses-clean-files-dag, task_id=clean-gcp-files, execution_date=20230623T212914, start_date=20230623T213455, end_date=20230623T213459
[2023-06-23T21:34:59.548+0000] {standard_task_runner.py:104} ERROR - Failed to execute job 522 for task clean-gcp-files (Command '['/tmp/venvkebp4phr/bin/python', '/tmp/venvkebp4phr/script.py', '/tmp/venvkebp4phr/script.in', '/tmp/venvkebp4phr/script.out', '/tmp/venvkebp4phr/string_args.txt']' returned non-zero exit status 1.; 472)
[2023-06-23T21:34:59.564+0000] {local_task_job_runner.py:225} INFO - Task exited with return code 1
[2023-06-23T21:34:59.588+0000] {taskinstance.py:2653} INFO - 0 downstream tasks scheduled from follow-on schedule check
