[2023-06-17T16:57:50.711+0000] {taskinstance.py:1103} INFO - Dependencies all met for dep_context=non-requeueable deps ti=<TaskInstance: dbt-dag.dbt_test scheduled__2023-06-17T16:46:42.744325+00:00 [queued]>
[2023-06-17T16:57:50.718+0000] {taskinstance.py:1103} INFO - Dependencies all met for dep_context=requeueable deps ti=<TaskInstance: dbt-dag.dbt_test scheduled__2023-06-17T16:46:42.744325+00:00 [queued]>
[2023-06-17T16:57:50.719+0000] {taskinstance.py:1308} INFO - Starting attempt 4 of 4
[2023-06-17T16:57:50.731+0000] {taskinstance.py:1327} INFO - Executing <Task(DbtRunOperator): dbt_test> on 2023-06-17 16:46:42.744325+00:00
[2023-06-17T16:57:50.738+0000] {standard_task_runner.py:57} INFO - Started process 294 to run task
[2023-06-17T16:57:50.743+0000] {standard_task_runner.py:84} INFO - Running: ['***', 'tasks', 'run', 'dbt-dag', 'dbt_test', 'scheduled__2023-06-17T16:46:42.744325+00:00', '--job-id', '11', '--raw', '--subdir', 'DAGS_FOLDER/dbt_test.py', '--cfg-path', '/tmp/tmp82ky2dx7']
[2023-06-17T16:57:50.747+0000] {standard_task_runner.py:85} INFO - Job 11: Subtask dbt_test
[2023-06-17T16:57:50.880+0000] {task_command.py:410} INFO - Running <TaskInstance: dbt-dag.dbt_test scheduled__2023-06-17T16:46:42.744325+00:00 [running]> on host 521d1a52fc3d
[2023-06-17T16:57:51.012+0000] {taskinstance.py:1547} INFO - Exporting env vars: AIRFLOW_CTX_DAG_OWNER='***' AIRFLOW_CTX_DAG_ID='dbt-dag' AIRFLOW_CTX_TASK_ID='dbt_test' AIRFLOW_CTX_EXECUTION_DATE='2023-06-17T16:46:42.744325+00:00' AIRFLOW_CTX_TRY_NUMBER='4' AIRFLOW_CTX_DAG_RUN_ID='scheduled__2023-06-17T16:46:42.744325+00:00'
[2023-06-17T16:57:51.016+0000] {dbt_hook.py:117} INFO - dbt run --profiles-dir /opt/***/tmp_data/dbt_bus_data/.dbt_profile/profiles.yml
[2023-06-17T16:57:51.034+0000] {dbt_hook.py:126} INFO - Output:
[2023-06-17T16:57:53.134+0000] {dbt_hook.py:130} INFO - [0m16:57:53  Running with dbt=1.5.1
[2023-06-17T16:57:53.144+0000] {dbt_hook.py:130} INFO - [0m16:57:53  Encountered an error:
[2023-06-17T16:57:53.145+0000] {dbt_hook.py:130} INFO - Runtime Error
[2023-06-17T16:57:53.147+0000] {dbt_hook.py:130} INFO -   Could not find profile named 'dbt_bus_data'
[2023-06-17T16:57:53.973+0000] {dbt_hook.py:134} INFO - Command exited with return code 2
[2023-06-17T16:57:53.988+0000] {taskinstance.py:1824} ERROR - Task failed with exception
Traceback (most recent call last):
  File "/home/airflow/.local/lib/python3.7/site-packages/airflow_dbt/operators/dbt_operator.py", line 98, in execute
    self.create_hook().run_cli('run')
  File "/home/airflow/.local/lib/python3.7/site-packages/airflow_dbt/hooks/dbt_hook.py", line 138, in run_cli
    raise AirflowException("dbt command failed")
airflow.exceptions.AirflowException: dbt command failed
[2023-06-17T16:57:53.992+0000] {taskinstance.py:1350} INFO - Marking task as FAILED. dag_id=dbt-dag, task_id=dbt_test, execution_date=20230617T164642, start_date=20230617T165750, end_date=20230617T165753
[2023-06-17T16:57:54.003+0000] {standard_task_runner.py:109} ERROR - Failed to execute job 11 for task dbt_test (dbt command failed; 294)
[2023-06-17T16:57:54.030+0000] {local_task_job_runner.py:225} INFO - Task exited with return code 1
[2023-06-17T16:57:54.049+0000] {taskinstance.py:2651} INFO - 0 downstream tasks scheduled from follow-on schedule check
