[2023-06-17T17:03:34.047+0000] {taskinstance.py:1103} INFO - Dependencies all met for dep_context=non-requeueable deps ti=<TaskInstance: dbt-dag.dbt_run manual__2023-06-17T17:02:41.638909+00:00 [queued]>
[2023-06-17T17:03:34.054+0000] {taskinstance.py:1103} INFO - Dependencies all met for dep_context=requeueable deps ti=<TaskInstance: dbt-dag.dbt_run manual__2023-06-17T17:02:41.638909+00:00 [queued]>
[2023-06-17T17:03:34.055+0000] {taskinstance.py:1308} INFO - Starting attempt 2 of 2
[2023-06-17T17:03:34.063+0000] {taskinstance.py:1327} INFO - Executing <Task(DbtRunOperator): dbt_run> on 2023-06-17 17:02:41.638909+00:00
[2023-06-17T17:03:34.068+0000] {standard_task_runner.py:57} INFO - Started process 407 to run task
[2023-06-17T17:03:34.072+0000] {standard_task_runner.py:84} INFO - Running: ['***', 'tasks', 'run', 'dbt-dag', 'dbt_run', 'manual__2023-06-17T17:02:41.638909+00:00', '--job-id', '13', '--raw', '--subdir', 'DAGS_FOLDER/dbt_test.py', '--cfg-path', '/tmp/tmp_9o8np8j']
[2023-06-17T17:03:34.075+0000] {standard_task_runner.py:85} INFO - Job 13: Subtask dbt_run
[2023-06-17T17:03:34.120+0000] {task_command.py:410} INFO - Running <TaskInstance: dbt-dag.dbt_run manual__2023-06-17T17:02:41.638909+00:00 [running]> on host 521d1a52fc3d
[2023-06-17T17:03:34.184+0000] {taskinstance.py:1547} INFO - Exporting env vars: AIRFLOW_CTX_DAG_OWNER='***' AIRFLOW_CTX_DAG_ID='dbt-dag' AIRFLOW_CTX_TASK_ID='dbt_run' AIRFLOW_CTX_EXECUTION_DATE='2023-06-17T17:02:41.638909+00:00' AIRFLOW_CTX_TRY_NUMBER='2' AIRFLOW_CTX_DAG_RUN_ID='manual__2023-06-17T17:02:41.638909+00:00'
[2023-06-17T17:03:34.187+0000] {dbt_hook.py:117} INFO - dbt run --profiles-dir /opt/***/tmp_data/dbt_bus_data/.dbt_profile/profiles.yml
[2023-06-17T17:03:34.197+0000] {dbt_hook.py:126} INFO - Output:
[2023-06-17T17:03:35.984+0000] {dbt_hook.py:130} INFO - [0m17:03:35  Running with dbt=1.5.1
[2023-06-17T17:03:35.989+0000] {dbt_hook.py:130} INFO - [0m17:03:35  Encountered an error:
[2023-06-17T17:03:35.989+0000] {dbt_hook.py:130} INFO - Runtime Error
[2023-06-17T17:03:35.990+0000] {dbt_hook.py:130} INFO -   Could not find profile named 'dbt_bus_data'
[2023-06-17T17:03:37.002+0000] {dbt_hook.py:134} INFO - Command exited with return code 2
[2023-06-17T17:03:37.014+0000] {taskinstance.py:1824} ERROR - Task failed with exception
Traceback (most recent call last):
  File "/home/airflow/.local/lib/python3.7/site-packages/airflow_dbt/operators/dbt_operator.py", line 98, in execute
    self.create_hook().run_cli('run')
  File "/home/airflow/.local/lib/python3.7/site-packages/airflow_dbt/hooks/dbt_hook.py", line 138, in run_cli
    raise AirflowException("dbt command failed")
airflow.exceptions.AirflowException: dbt command failed
[2023-06-17T17:03:37.017+0000] {taskinstance.py:1350} INFO - Marking task as FAILED. dag_id=dbt-dag, task_id=dbt_run, execution_date=20230617T170241, start_date=20230617T170334, end_date=20230617T170337
[2023-06-17T17:03:37.027+0000] {standard_task_runner.py:109} ERROR - Failed to execute job 13 for task dbt_run (dbt command failed; 407)
[2023-06-17T17:03:37.045+0000] {local_task_job_runner.py:225} INFO - Task exited with return code 1
[2023-06-17T17:03:37.066+0000] {taskinstance.py:2651} INFO - 0 downstream tasks scheduled from follow-on schedule check
